Arguments: 
  /usr/local/bin/node /usr/local/bin/yarn add -D typescript

PATH: 
  /usr/local/bin:/usr/bin:/bin:/usr/sbin:/sbin:/usr/local/go/bin:/Library/Apple/usr/bin:~/bin:/Library/Frameworks/Python.framework/Versions/2.7/bin/:/Applications/Visual Studio Code.app/Contents/Resources/app/bin:~/bin:/Library/Frameworks/Python.framework/Versions/2.7/bin/:/Applications/Visual Studio Code.app/Contents/Resources/app/bin

Yarn version: 
  1.22.17

Node version: 
  16.13.0

Platform: 
  darwin x64

Trace: 
  SyntaxError: /Users/andrewmiller/projects/scriptions/package.json: Unexpected token , in JSON at position 109
      at JSON.parse (<anonymous>)
      at /usr/local/lib/node_modules/yarn/lib/cli.js:1625:59
      at Generator.next (<anonymous>)
      at step (/usr/local/lib/node_modules/yarn/lib/cli.js:310:30)
      at /usr/local/lib/node_modules/yarn/lib/cli.js:321:13

npm manifest: 
  {
    "name": "scriptions",
    "version": "1.0.0",
    "main": "index.js",
    "license": "MIT",
    "scripts": {"foo", "echo hello world" },
    "scriptions": {
      "foo": "this is an example description"
    }
  }

yarn manifest: 
  No manifest

Lockfile: 
  No lockfile
